<?xml version="1.0" encoding="UTF-8"?>
<!-- Generated by org.testng.reporters.JUnitReportReporter -->
<testsuite hostname="DESKTOP-9D0BJEN" failures="0" tests="1" name="Generic.Test2" time="20.160" errors="0" timestamp="2022-05-20T19:23:08 IST" skipped="0">
  <testcase classname="Generic.Test2" name="test" time="20.160"/>
  <system-out/>
</testsuite> <!-- Generic.Test2 -->
